  [1m[35m (2.1ms)[0m  [1m[34mSELECT sqlite_version(*)[0m
  [1m[35m (7.1ms)[0m  [1m[35mCREATE TABLE "schema_migrations" ("version" varchar NOT NULL PRIMARY KEY)[0m
  [1m[35m (6.6ms)[0m  [1m[35mCREATE TABLE "ar_internal_metadata" ("key" varchar NOT NULL PRIMARY KEY, "value" varchar, "created_at" datetime(6) NOT NULL, "updated_at" datetime(6) NOT NULL)[0m
  [1m[35m (0.2ms)[0m  [1m[34mSELECT "schema_migrations"."version" FROM "schema_migrations" ORDER BY "schema_migrations"."version" ASC[0m
Migrating to CreateCars (20210115213405)
  [1m[36mTRANSACTION (0.1ms)[0m  [1m[36mbegin transaction[0m
  [1m[35m (0.4ms)[0m  [1m[35mCREATE TABLE "cars" ("id" integer PRIMARY KEY AUTOINCREMENT NOT NULL, "make" varchar, "model" varchar, "year" integer, "created_at" datetime(6) NOT NULL, "updated_at" datetime(6) NOT NULL)[0m
  [1m[36mActiveRecord::SchemaMigration Create (0.2ms)[0m  [1m[32mINSERT INTO "schema_migrations" ("version") VALUES (?)[0m  [["version", "20210115213405"]]
  [1m[36mTRANSACTION (5.9ms)[0m  [1m[36mcommit transaction[0m
  [1m[36mActiveRecord::InternalMetadata Load (0.2ms)[0m  [1m[34mSELECT "ar_internal_metadata".* FROM "ar_internal_metadata" WHERE "ar_internal_metadata"."key" = ? LIMIT ?[0m  [["key", "environment"], ["LIMIT", 1]]
  [1m[36mTRANSACTION (0.1ms)[0m  [1m[36mbegin transaction[0m
  [1m[36mActiveRecord::InternalMetadata Create (0.4ms)[0m  [1m[32mINSERT INTO "ar_internal_metadata" ("key", "value", "created_at", "updated_at") VALUES (?, ?, ?, ?)[0m  [["key", "environment"], ["value", "development"], ["created_at", "2021-01-15 21:34:17.002115"], ["updated_at", "2021-01-15 21:34:17.002115"]]
  [1m[36mTRANSACTION (5.2ms)[0m  [1m[36mcommit transaction[0m
  [1m[35m (0.1ms)[0m  [1m[34mSELECT sqlite_version(*)[0m
  [1m[35m (0.1ms)[0m  [1m[34mSELECT "schema_migrations"."version" FROM "schema_migrations" ORDER BY "schema_migrations"."version" ASC[0m
Started GET "/cars" for ::1 at 2021-01-16 00:34:29 +0300
  [1m[35m (0.6ms)[0m  [1m[34mSELECT sqlite_version(*)[0m
  [1m[35m (0.2ms)[0m  [1m[34mSELECT "schema_migrations"."version" FROM "schema_migrations" ORDER BY "schema_migrations"."version" ASC[0m
Processing by CarsController#index as HTML
  Rendering layout layouts/application.html.erb
  Rendering cars/index.html.erb within layouts/application
  [1m[36mCar Load (0.2ms)[0m  [1m[34mSELECT "cars".* FROM "cars"[0m
  ↳ app/views/cars/index.html.erb:16
  Rendered cars/index.html.erb within layouts/application (Duration: 4.1ms | Allocations: 1257)
[Webpacker] Compiling...
[Webpacker] Compiled all packs in /home/ahmedamin/Desktop/rails-section/odin_on_rails/my_first_rails_app/public/packs
[Webpacker] Hash: 415a948d492e21802f43
Version: webpack 4.46.0
Time: 3107ms
Built at: 01/16/2021 12:34:36 AM
                                     Asset       Size       Chunks                         Chunk Names
    js/application-d5a3c3b4dce84b5eb605.js    125 KiB  application  [emitted] [immutable]  application
js/application-d5a3c3b4dce84b5eb605.js.map    139 KiB  application  [emitted] [dev]        application
                             manifest.json  364 bytes               [emitted]              
Entrypoint application = js/application-d5a3c3b4dce84b5eb605.js js/application-d5a3c3b4dce84b5eb605.js.map
[./app/javascript/channels sync recursive _channel\.js$] ./app/javascript/channels sync _channel\.js$ 160 bytes {application} [built]
[./app/javascript/channels/index.js] 211 bytes {application} [built]
[./app/javascript/packs/application.js] 492 bytes {application} [built]
[./node_modules/webpack/buildin/module.js] (webpack)/buildin/module.js 552 bytes {application} [built]
    + 3 hidden modules

  Rendered layout layouts/application.html.erb (Duration: 6712.2ms | Allocations: 21994)
Completed 200 OK in 6734ms (Views: 6718.9ms | ActiveRecord: 0.2ms | Allocations: 25926)


Started GET "/cars/new" for ::1 at 2021-01-16 00:34:39 +0300
Processing by CarsController#new as HTML
  Rendering layout layouts/application.html.erb
  Rendering cars/new.html.erb within layouts/application
  Rendered cars/_form.html.erb (Duration: 28.8ms | Allocations: 5133)
  Rendered cars/new.html.erb within layouts/application (Duration: 30.6ms | Allocations: 5490)
[Webpacker] Everything's up-to-date. Nothing to do
  Rendered layout layouts/application.html.erb (Duration: 40.1ms | Allocations: 8592)
Completed 200 OK in 58ms (Views: 41.1ms | ActiveRecord: 1.1ms | Allocations: 12582)


Started POST "/cars" for ::1 at 2021-01-16 00:34:45 +0300
Processing by CarsController#create as HTML
  Parameters: {"authenticity_token"=>"[FILTERED]", "car"=>{"make"=>"a", "model"=>"as", "year"=>"2"}, "commit"=>"Create Car"}
  [1m[36mTRANSACTION (0.1ms)[0m  [1m[36mbegin transaction[0m
  ↳ app/controllers/cars_controller.rb:30:in `block in create'
  [1m[36mCar Create (0.8ms)[0m  [1m[32mINSERT INTO "cars" ("make", "model", "year", "created_at", "updated_at") VALUES (?, ?, ?, ?, ?)[0m  [["make", "a"], ["model", "as"], ["year", 2], ["created_at", "2021-01-15 21:34:45.976947"], ["updated_at", "2021-01-15 21:34:45.976947"]]
  ↳ app/controllers/cars_controller.rb:30:in `block in create'
  [1m[36mTRANSACTION (7.9ms)[0m  [1m[36mcommit transaction[0m
  ↳ app/controllers/cars_controller.rb:30:in `block in create'
Redirected to http://localhost:3000/cars/1
Completed 302 Found in 24ms (ActiveRecord: 8.8ms | Allocations: 4952)


Started GET "/cars/1" for ::1 at 2021-01-16 00:34:46 +0300
Processing by CarsController#show as HTML
  Parameters: {"id"=>"1"}
  [1m[36mCar Load (0.3ms)[0m  [1m[34mSELECT "cars".* FROM "cars" WHERE "cars"."id" = ? LIMIT ?[0m  [["id", 1], ["LIMIT", 1]]
  ↳ app/controllers/cars_controller.rb:67:in `set_car'
  Rendering layout layouts/application.html.erb
  Rendering cars/show.html.erb within layouts/application
  Rendered cars/show.html.erb within layouts/application (Duration: 1.1ms | Allocations: 296)
[Webpacker] Everything's up-to-date. Nothing to do
  Rendered layout layouts/application.html.erb (Duration: 6.7ms | Allocations: 3334)
Completed 200 OK in 12ms (Views: 7.4ms | ActiveRecord: 0.3ms | Allocations: 4812)


Started GET "/cars" for ::1 at 2021-01-16 00:34:49 +0300
Processing by CarsController#index as HTML
  Rendering layout layouts/application.html.erb
  Rendering cars/index.html.erb within layouts/application
  [1m[36mCar Load (0.2ms)[0m  [1m[34mSELECT "cars".* FROM "cars"[0m
  ↳ app/views/cars/index.html.erb:16
  Rendered cars/index.html.erb within layouts/application (Duration: 4.2ms | Allocations: 817)
[Webpacker] Everything's up-to-date. Nothing to do
  Rendered layout layouts/application.html.erb (Duration: 11.6ms | Allocations: 3840)
Completed 200 OK in 14ms (Views: 12.3ms | ActiveRecord: 0.2ms | Allocations: 4235)


